TN:
SF:/Users/peter/Baul/bases/nest-api-base/src/auth/auth.controller.ts
FN:10,(anonymous_4)
FN:17,(anonymous_5)
FN:22,(anonymous_6)
FNF:3
FNH:0
FNDA:0,(anonymous_4)
FNDA:0,(anonymous_5)
FNDA:0,(anonymous_6)
DA:1,1
DA:2,1
DA:4,1
DA:5,1
DA:6,1
DA:9,1
DA:11,0
DA:12,0
DA:17,1
DA:18,0
DA:22,1
DA:23,0
DA:24,0
LF:13
LH:8
BRF:0
BRH:0
end_of_record
TN:
SF:/Users/peter/Baul/bases/nest-api-base/src/auth/auth.service.ts
FN:11,(anonymous_3)
FN:16,(anonymous_4)
FN:26,(anonymous_5)
FNF:3
FNH:0
FNDA:0,(anonymous_3)
FNDA:0,(anonymous_4)
FNDA:0,(anonymous_5)
DA:2,3
DA:3,3
DA:4,3
DA:7,3
DA:10,3
DA:12,0
DA:13,0
DA:17,0
DA:18,0
DA:19,0
DA:20,0
DA:21,0
DA:23,0
DA:27,0
DA:28,0
LF:15
LH:5
BRDA:19,0,0,0
BRDA:19,0,1,0
BRF:2
BRH:0
end_of_record
TN:
SF:/Users/peter/Baul/bases/nest-api-base/src/config/config.service.ts
FN:12,(anonymous_0)
FN:17,(anonymous_1)
FN:37,(anonymous_2)
FN:41,(anonymous_3)
FN:45,(anonymous_4)
FNF:5
FNH:0
FNDA:0,(anonymous_0)
FNDA:0,(anonymous_1)
FNDA:0,(anonymous_2)
FNDA:0,(anonymous_3)
FNDA:0,(anonymous_4)
DA:1,4
DA:2,4
DA:3,4
DA:9,4
DA:13,0
DA:14,0
DA:18,0
DA:28,0
DA:31,0
DA:32,0
DA:34,0
DA:38,0
DA:42,0
DA:46,0
LF:14
LH:4
BRDA:31,0,0,0
BRDA:31,0,1,0
BRF:2
BRH:0
end_of_record
TN:
SF:/Users/peter/Baul/bases/nest-api-base/src/users/user.entity.ts
FN:6,(anonymous_2)
FNF:1
FNH:0
FNDA:0,(anonymous_2)
DA:2,4
DA:5,4
DA:7,0
DA:8,0
DA:12,4
DA:15,4
DA:18,4
LF:7
LH:5
BRF:0
BRH:0
end_of_record
TN:
SF:/Users/peter/Baul/bases/nest-api-base/src/users/users.controller.ts
FN:7,(anonymous_4)
FN:11,(anonymous_5)
FNF:2
FNH:0
FNDA:0,(anonymous_4)
FNDA:0,(anonymous_5)
DA:1,1
DA:2,1
DA:3,1
DA:6,1
DA:7,0
DA:11,1
DA:12,0
LF:7
LH:5
BRF:0
BRH:0
end_of_record
TN:
SF:/Users/peter/Baul/bases/nest-api-base/src/users/users.service.ts
FN:16,(anonymous_4)
FN:24,(anonymous_5)
FN:28,(anonymous_6)
FNF:3
FNH:0
FNDA:0,(anonymous_4)
FNDA:0,(anonymous_5)
FNDA:0,(anonymous_6)
DA:2,4
DA:3,4
DA:4,4
DA:5,4
DA:7,4
DA:8,4
DA:13,4
DA:18,0
DA:21,0
DA:25,0
DA:29,0
DA:30,0
DA:31,0
DA:32,0
LF:14
LH:7
BRF:0
BRH:0
end_of_record
TN:
SF:/Users/peter/Baul/bases/nest-api-base/src/users/dto/create-user.dto.ts
FNF:0
FNH:0
DA:1,1
DA:3,1
DA:5,1
DA:8,1
LF:4
LH:4
BRF:0
BRH:0
end_of_record
TN:
SF:/Users/peter/Baul/bases/nest-api-base/src/users/dto/index.ts
FNF:0
FNH:0
DA:1,1
DA:2,1
LF:2
LH:2
BRF:0
BRH:0
end_of_record
TN:
SF:/Users/peter/Baul/bases/nest-api-base/src/users/dto/user.dto.ts
FN:2,(anonymous_0)
FNF:1
FNH:0
FNDA:0,(anonymous_0)
DA:1,1
DA:3,0
DA:4,0
LF:3
LH:1
BRF:0
BRH:0
end_of_record
